<?xml version="1.0" encoding="UTF-8"?>
<testsuite name="WordTest" tests="7" skipped="0" failures="0" errors="0" timestamp="2016-02-19T17:10:21" hostname="epicodus-64.local" time="0.0">
  <properties/>
  <testcase name="getIdMethodReturnsCorrectId" classname="WordTest" time="0.0"/>
  <testcase name="getDefinitionsReturnsArrayList" classname="WordTest" time="0.0"/>
  <testcase name="getWordReturnsCorrectWord_true" classname="WordTest" time="0.0"/>
  <testcase name="addDefinitionToWordObject" classname="WordTest" time="0.0"/>
  <testcase name="findMethodReturnsWordWithSameId" classname="WordTest" time="0.0"/>
  <testcase name="allMethodReturnsAllInstancesOfWord" classname="WordTest" time="0.0"/>
  <testcase name="clearsWordInstancesFromMemory" classname="WordTest" time="0.0"/>
  <system-out><![CDATA[]]></system-out>
  <system-err><![CDATA[]]></system-err>
</testsuite>
