<?xml version="1.0" encoding="UTF-8"?>
<testsuite name="WordTest" tests="3" skipped="0" failures="0" errors="0" timestamp="2016-02-19T16:40:04" hostname="epicodus-64.local" time="0.002">
  <properties/>
  <testcase name="getIdMethodReturnsCorrectId" classname="WordTest" time="0.001"/>
  <testcase name="getDefinitionsReturnsArrayList" classname="WordTest" time="0.0"/>
  <testcase name="getWordReturnsCorrectWord_true" classname="WordTest" time="0.0"/>
  <system-out><![CDATA[]]></system-out>
  <system-err><![CDATA[]]></system-err>
</testsuite>
